[Step  1] ,Time: 0.5000 Sec ,Target: blank
[Step  2] ,Time: 1.0000 Sec ,Target: blank
[Step  3] ,Time: 1.5000 Sec ,Target: blank
[Step  4] ,Time: 2.0000 Sec ,Target: blank
[Step  5] ,Time: 2.5000 Sec ,Target: blank
[Step  6] ,Time: 3.0000 Sec ,Target: blank
[Step  7] ,Time: 3.5000 Sec ,Target: blank
[Step  8] ,Time: 4.0000 Sec ,Target: blank
[Step  9] ,Time: 4.5000 Sec ,Target: blank
[Step 10] ,Time: 5.0000 Sec ,Target: blank
[Step 11] ,Time: 5.5000 Sec ,Target: blank
[Step 12] ,Time: 6.0000 Sec ,Target: blank
[Step 13] ,Time: 6.5000 Sec ,Target: blank
[Step 14] ,Time: 7.0000 Sec ,Target: Non-Target
[Step 15] ,Time: 7.5000 Sec ,Target: Non-Target
[Step 16] ,Time: 8.0000 Sec ,Target: Non-Target
[Step 17] ,Time: 8.5000 Sec ,Target: Non-Target
[Step 18] ,Time: 9.0000 Sec ,Target: Non-Target
[Step 19] ,Time: 9.5000 Sec ,Target: Non-Target
[Step 20] ,Time: 10.0000 Sec ,Target: Non-Target
[Step 21] ,Time: 10.5000 Sec ,Target: Non-Target
[Step 22] ,Time: 11.0000 Sec ,Target: Non-Target
[Step 23] ,Time: 11.5000 Sec ,Target: Non-Target
[Step 24] ,Time: 12.0000 Sec ,Target: Non-Target
[Step 25] ,Time: 12.5000 Sec ,Target: Non-Target
[Step 26] ,Time: 13.0000 Sec ,Target: Non-Target
[Step 27] ,Time: 13.5000 Sec ,Target: Non-Target
[Step 28] ,Time: 14.0000 Sec ,Target: Non-Target
[Step 29] ,Time: 14.5000 Sec ,Target: Non-Target
[Step 30] ,Time: 15.0000 Sec ,Target: Non-Target
[Step 31] ,Time: 15.5000 Sec ,Target: Non-Target
[Step 32] ,Time: 16.0000 Sec ,Target: Non-Target
[Step 33] ,Time: 16.5000 Sec ,Target: Non-Target
[Step 34] ,Time: 17.0000 Sec ,Target: Non-Target
[Step 35] ,Time: 17.5000 Sec ,Target: Non-Target
[Step 36] ,Time: 18.0000 Sec ,Target: Non-Target
[Step 37] ,Time: 18.5000 Sec ,Target: blank
[Step 38] ,Time: 19.0000 Sec ,Target: blank
[Step 39] ,Time: 19.5000 Sec ,Target: 청개구리
[Step 40] ,Time: 20.0000 Sec ,Target: 청개구리
[Step 41] ,Time: 20.5000 Sec ,Target: 청개구리
[Step 42] ,Time: 21.0000 Sec ,Target: 청개구리
[Step 43] ,Time: 21.5000 Sec ,Target: 청개구리
[Step 44] ,Time: 22.0000 Sec ,Target: 청개구리
[Step 45] ,Time: 22.5000 Sec ,Target: 청개구리
[Step 46] ,Time: 23.0000 Sec ,Target: 청개구리
[Step 47] ,Time: 23.5000 Sec ,Target: 청개구리
[Step 48] ,Time: 24.0000 Sec ,Target: 청개구리
[Step 49] ,Time: 24.5000 Sec ,Target: 청개구리
[Step 50] ,Time: 25.0000 Sec ,Target: 청개구리
[Step 51] ,Time: 25.5000 Sec ,Target: 수원청개구리
[Step 52] ,Time: 26.0000 Sec ,Target: 수원청개구리
[Step 53] ,Time: 26.5000 Sec ,Target: 수원청개구리
[Step 54] ,Time: 27.0000 Sec ,Target: 수원청개구리
[Step 55] ,Time: 27.5000 Sec ,Target: 수원청개구리
[Step 56] ,Time: 28.0000 Sec ,Target: 수원청개구리
[Step 57] ,Time: 28.5000 Sec ,Target: 수원청개구리
[Step 58] ,Time: 29.0000 Sec ,Target: 수원청개구리
[Step 59] ,Time: 29.5000 Sec ,Target: 수원청개구리
[Step 60] ,Time: 30.0000 Sec ,Target: 수원청개구리
[Step 61] ,Time: 30.5000 Sec ,Target: 수원청개구리
[Step 62] ,Time: 31.0000 Sec ,Target: 맹꽁이
[Step 63] ,Time: 31.5000 Sec ,Target: 맹꽁이
[Step 64] ,Time: 32.0000 Sec ,Target: 맹꽁이
[Step 65] ,Time: 32.5000 Sec ,Target: 맹꽁이
[Step 66] ,Time: 33.0000 Sec ,Target: 맹꽁이
[Step 67] ,Time: 33.5000 Sec ,Target: 맹꽁이
[Step 68] ,Time: 34.0000 Sec ,Target: 맹꽁이
[Step 69] ,Time: 34.5000 Sec ,Target: 맹꽁이
[Step 70] ,Time: 35.0000 Sec ,Target: 맹꽁이
[Step 71] ,Time: 35.5000 Sec ,Target: 맹꽁이
[Step 72] ,Time: 36.0000 Sec ,Target: 맹꽁이
[Step 73] ,Time: 36.5000 Sec ,Target: 맹꽁이
[Step 74] ,Time: 37.0000 Sec ,Target: blank
[Step 75] ,Time: 37.5000 Sec ,Target: 참개구리
[Step 76] ,Time: 38.0000 Sec ,Target: 참개구리
[Step 77] ,Time: 38.5000 Sec ,Target: 참개구리
[Step 78] ,Time: 39.0000 Sec ,Target: 참개구리
[Step 79] ,Time: 39.5000 Sec ,Target: blank
[Step 80] ,Time: 40.0000 Sec ,Target: blank
[Step 81] ,Time: 40.5000 Sec ,Target: blank
[Step 82] ,Time: 41.0000 Sec ,Target: 참개구리
[Step 83] ,Time: 41.5000 Sec ,Target: 참개구리
[Step 84] ,Time: 42.0000 Sec ,Target: 참개구리
[Step 85] ,Time: 42.5000 Sec ,Target: 참개구리
[Step 86] ,Time: 43.0000 Sec ,Target: 참개구리
[Step 87] ,Time: 43.5000 Sec ,Target: 금개구리
[Step 88] ,Time: 44.0000 Sec ,Target: 금개구리
[Step 89] ,Time: 44.5000 Sec ,Target: 금개구리
[Step 90] ,Time: 45.0000 Sec ,Target: 금개구리
[Step 91] ,Time: 45.5000 Sec ,Target: 금개구리
[Step 92] ,Time: 46.0000 Sec ,Target: 금개구리
[Step 93] ,Time: 46.5000 Sec ,Target: 금개구리
[Step 94] ,Time: 47.0000 Sec ,Target: 금개구리
[Step 95] ,Time: 47.5000 Sec ,Target: 금개구리
[Step 96] ,Time: 48.0000 Sec ,Target: 금개구리
[Step 97] ,Time: 48.5000 Sec ,Target: blank
[Step 98] ,Time: 49.0000 Sec ,Target: 옴개구리
[Step 99] ,Time: 49.5000 Sec ,Target: 옴개구리
[Step 100] ,Time: 50.0000 Sec ,Target: 옴개구리
[Step 101] ,Time: 50.5000 Sec ,Target: 옴개구리
[Step 102] ,Time: 51.0000 Sec ,Target: 옴개구리
[Step 103] ,Time: 51.5000 Sec ,Target: 옴개구리
[Step 104] ,Time: 52.0000 Sec ,Target: 옴개구리
[Step 105] ,Time: 52.5000 Sec ,Target: 옴개구리
[Step 106] ,Time: 53.0000 Sec ,Target: 옴개구리
[Step 107] ,Time: 53.5000 Sec ,Target: 옴개구리
[Step 108] ,Time: 54.0000 Sec ,Target: blank
[Step 109] ,Time: 54.5000 Sec ,Target: blank
[Step 110] ,Time: 55.0000 Sec ,Target: blank
[Step 111] ,Time: 55.5000 Sec ,Target: blank
[Step 112] ,Time: 56.0000 Sec ,Target: 황소개구리
[Step 113] ,Time: 56.5000 Sec ,Target: 황소개구리
[Step 114] ,Time: 57.0000 Sec ,Target: blank
[Step 115] ,Time: 57.5000 Sec ,Target: blank
[Step 116] ,Time: 58.0000 Sec ,Target: 황소개구리
[Step 117] ,Time: 58.5000 Sec ,Target: 황소개구리
[Step 118] ,Time: 59.0000 Sec ,Target: 황소개구리
[Step 119] ,Time: 59.5000 Sec ,Target: 황소개구리
[Step 120] ,Time: 60.0000 Sec ,Target: blank
[Step 121] ,Time: 60.5000 Sec ,Target: blank
[Step 122] ,Time: 61.0000 Sec ,Target: blank
[Step 123] ,Time: 61.5000 Sec ,Target: Non-Target
[Step 124] ,Time: 62.0000 Sec ,Target: Non-Target
[Step 125] ,Time: 62.5000 Sec ,Target: Non-Target
[Step 126] ,Time: 63.0000 Sec ,Target: Non-Target
[Step 127] ,Time: 63.5000 Sec ,Target: Non-Target
[Step 128] ,Time: 64.0000 Sec ,Target: Non-Target
[Step 129] ,Time: 64.5000 Sec ,Target: Non-Target
[Step 130] ,Time: 65.0000 Sec ,Target: Non-Target
[Step 131] ,Time: 65.5000 Sec ,Target: Non-Target
[Step 132] ,Time: 66.0000 Sec ,Target: Non-Target
[Step 133] ,Time: 66.5000 Sec ,Target: Non-Target
[Step 134] ,Time: 67.0000 Sec ,Target: blank
[Step 135] ,Time: 67.5000 Sec ,Target: blank
[Step 136] ,Time: 68.0000 Sec ,Target: Non-Target
[Step 137] ,Time: 68.5000 Sec ,Target: Non-Target
[Step 138] ,Time: 69.0000 Sec ,Target: Non-Target
[Step 139] ,Time: 69.5000 Sec ,Target: Non-Target
[Step 140] ,Time: 70.0000 Sec ,Target: Non-Target
[Step 141] ,Time: 70.5000 Sec ,Target: Non-Target
[Step 142] ,Time: 71.0000 Sec ,Target: Non-Target
[Step 143] ,Time: 71.5000 Sec ,Target: Non-Target
[Step 144] ,Time: 72.0000 Sec ,Target: Non-Target
[Step 145] ,Time: 72.5000 Sec ,Target: blank
[Step 146] ,Time: 73.0000 Sec ,Target: 북방산개구리
[Step 147] ,Time: 73.5000 Sec ,Target: 북방산개구리
[Step 148] ,Time: 74.0000 Sec ,Target: 북방산개구리
[Step 149] ,Time: 74.5000 Sec ,Target: 북방산개구리
[Step 150] ,Time: 75.0000 Sec ,Target: 북방산개구리
[Step 151] ,Time: 75.5000 Sec ,Target: 북방산개구리
[Step 152] ,Time: 76.0000 Sec ,Target: 북방산개구리
[Step 153] ,Time: 76.5000 Sec ,Target: 북방산개구리
[Step 154] ,Time: 77.0000 Sec ,Target: 북방산개구리
[Step 155] ,Time: 77.5000 Sec ,Target: 북방산개구리
[Step 156] ,Time: 78.0000 Sec ,Target: 북방산개구리
[Step 157] ,Time: 78.5000 Sec ,Target: blank
[Step 158] ,Time: 79.0000 Sec ,Target: blank
[Step 159] ,Time: 79.5000 Sec ,Target: blank
[Step 160] ,Time: 80.0000 Sec ,Target: blank
[Step 161] ,Time: 80.5000 Sec ,Target: blank
[Step 162] ,Time: 81.0000 Sec ,Target: blank
[Step 163] ,Time: 81.5000 Sec ,Target: blank
[Step 164] ,Time: 82.0000 Sec ,Target: blank
[Step 165] ,Time: 82.5000 Sec ,Target: blank
